<?xml version="1.0" encoding="UTF-8"?>
<!-- Generated by org.testng.reporters.JUnitReportReporter -->
<testsuite skipped="0" hostname="asda1712po02529" name="web_service_test.assignment_snl_services.NewTest" tests="8" failures="0" timestamp="13 Jul 2017 09:01:33 GMT" time="2.493" errors="0">
  <testcase name="add_player_while_game_is_on" time="0.059" classname="web_service_test.assignment_snl_services.NewTest"/>
  <testcase name="update_player" time="0.039" classname="web_service_test.assignment_snl_services.NewTest"/>
  <testcase name="delete_player" time="0.036" classname="web_service_test.assignment_snl_services.NewTest"/>
  <testcase name="check_board_creation" time="0.159" classname="web_service_test.assignment_snl_services.NewTest"/>
  <testcase name="player_add_check" time="0.308" classname="web_service_test.assignment_snl_services.NewTest"/>
  <testcase name="deleteboard" time="0.063" classname="web_service_test.assignment_snl_services.NewTest"/>
  <testcase name="check_player_details" time="0.022" classname="web_service_test.assignment_snl_services.NewTest"/>
  <testcase name="check_roll_dice" time="1.807" classname="web_service_test.assignment_snl_services.NewTest"/>
</testsuite> <!-- web_service_test.assignment_snl_services.NewTest -->
