<?xml version="1.0" encoding="UTF-8"?>
<!-- Generated by org.testng.reporters.JUnitReportReporter -->
<testsuite hostname="ASDP1732PO02529" name="com.training.OauthTest" tests="5" failures="0" timestamp="13 Jul 2017 06:36:46 GMT" time="1.539" errors="0">
  <testcase name="Oauth_move_player" time="0.084" classname="com.training.OauthTest"/>
  <testcase name="delete_board" time="0.139" classname="com.training.OauthTest"/>
  <testcase name="Oauth_verify_board" time="1.072" classname="com.training.OauthTest"/>
  <testcase name="Oauth_update_player" time="0.170" classname="com.training.OauthTest"/>
  <testcase name="Oauth_verify_player" time="0.074" classname="com.training.OauthTest"/>
</testsuite> <!-- com.training.OauthTest -->
