<?xml version="1.0" encoding="UTF-8"?>
<!-- Generated by org.testng.reporters.JUnitReportReporter -->
<testsuite skipped="0" hostname="asda1710po02529" name="com.qainfotech.tap.training.snlServices.SNLServicesTestV1" tests="8" failures="0" timestamp="18 Jul 2017 09:12:58 GMT" time="5.875" errors="0">
  <testcase name="c_test_new_board" time="0.155" classname="com.qainfotech.tap.training.snlServices.SNLServicesTestV1"/>
  <testcase name="e_test_DELETEBOARD_Ver_1" time="1.202" classname="com.qainfotech.tap.training.snlServices.SNLServicesTestV1"/>
  <testcase name="f_test_player_entry" time="0.669" classname="com.qainfotech.tap.training.snlServices.SNLServicesTestV1"/>
  <testcase name="d_test_get_details_of_board" time="0.111" classname="com.qainfotech.tap.training.snlServices.SNLServicesTestV1"/>
  <testcase name="b_testStatusCodeXML" time="0.949" classname="com.qainfotech.tap.training.snlServices.SNLServicesTestV1"/>
  <testcase name="h_test_player_moves" time="0.216" classname="com.qainfotech.tap.training.snlServices.SNLServicesTestV1"/>
  <testcase name="g_test_delete_player" time="0.446" classname="com.qainfotech.tap.training.snlServices.SNLServicesTestV1"/>
  <testcase name="a_testStatusCodeJSON" time="2.127" classname="com.qainfotech.tap.training.snlServices.SNLServicesTestV1"/>
</testsuite> <!-- com.qainfotech.tap.training.snlServices.SNLServicesTestV1 -->
