<?xml version="1.0" encoding="UTF-8"?>
<!-- Generated by org.testng.reporters.JUnitReportReporter -->
<testsuite hostname="ASDP1744PO02529" name="snl_webservice.web_sercice.v2_test" tests="1" failures="0" timestamp="13 Jul 2017 06:29:35 GMT" time="0.013" errors="0">
  <testcase name="Board_create_board" time="0.013" classname="snl_webservice.web_sercice.v2_test"/>
</testsuite> <!-- snl_webservice.web_sercice.v2_test -->
