<?xml version="1.0" encoding="UTF-8"?>
<!-- Generated by org.testng.reporters.JUnitReportReporter -->
<testsuite hostname="ASDP1744PO02529" name="snl_webservice.web_sercice.snl_test" tests="8" failures="0" timestamp="13 Jul 2017 12:15:27 GMT" time="1.512" errors="0">
  <testcase name="player_update_player_details" time="0.291" classname="snl_webservice.web_sercice.snl_test"/>
  <testcase name="get_id" time="0.233" classname="snl_webservice.web_sercice.snl_test"/>
  <testcase name="player_delete_player" time="0.074" classname="snl_webservice.web_sercice.snl_test"/>
  <testcase name="player_join_player_to_board" time="0.116" classname="snl_webservice.web_sercice.snl_test"/>
  <testcase name="Move_player_by_id_in_Board" time="0.240" classname="snl_webservice.web_sercice.snl_test"/>
  <testcase name="Board_create_new_board" time="0.180" classname="snl_webservice.web_sercice.snl_test"/>
  <testcase name="player_get_player_details" time="0.143" classname="snl_webservice.web_sercice.snl_test"/>
  <testcase name="get_list_of_borad" time="0.235" classname="snl_webservice.web_sercice.snl_test"/>
</testsuite> <!-- snl_webservice.web_sercice.snl_test -->
