<?xml version="1.0" encoding="UTF-8"?>
<!-- Generated by org.testng.reporters.JUnitReportReporter -->
<testsuite skipped="0" hostname="ASDP1738PO02529" name="com.web_snl.SNL_project.V3_Test" tests="5" failures="0" timestamp="14 Jul 2017 10:53:13 GMT" time="1.361" errors="0">
  <testcase name="create_board" time="0.098" classname="com.web_snl.SNL_project.V3_Test"/>
  <testcase name="create_player" time="0.101" classname="com.web_snl.SNL_project.V3_Test"/>
  <testcase name="list_of_board" time="0.778" classname="com.web_snl.SNL_project.V3_Test"/>
  <testcase name="update_player" time="0.270" classname="com.web_snl.SNL_project.V3_Test"/>
  <testcase name="move" time="0.114" classname="com.web_snl.SNL_project.V3_Test"/>
</testsuite> <!-- com.web_snl.SNL_project.V3_Test -->
