<?xml version="1.0" encoding="UTF-8"?>
<!-- Generated by org.testng.reporters.JUnitReportReporter -->
<testsuite skipped="0" hostname="asda1710po02529" name="com.qainfotech.tap.training.snlServices.SNLServicesV3" tests="8" failures="0" timestamp="18 Jul 2017 09:08:10 GMT" time="3.924" errors="0">
  <testcase name="d_test_get_details_of_board" time="0.138" classname="com.qainfotech.tap.training.snlServices.SNLServicesV3"/>
  <testcase name="a_testStatusCodeJSON" time="0.854" classname="com.qainfotech.tap.training.snlServices.SNLServicesV3"/>
  <testcase name="b_testStatusCodeXML" time="0.939" classname="com.qainfotech.tap.training.snlServices.SNLServicesV3"/>
  <testcase name="g_test_delete_player" time="0.354" classname="com.qainfotech.tap.training.snlServices.SNLServicesV3"/>
  <testcase name="e_test_DELETEBOARD_Ver_1" time="1.067" classname="com.qainfotech.tap.training.snlServices.SNLServicesV3"/>
  <testcase name="h_test_player_moves" time="0.189" classname="com.qainfotech.tap.training.snlServices.SNLServicesV3"/>
  <testcase name="f_test_player_entry" time="0.271" classname="com.qainfotech.tap.training.snlServices.SNLServicesV3"/>
  <testcase name="c_test_new_board" time="0.112" classname="com.qainfotech.tap.training.snlServices.SNLServicesV3"/>
</testsuite> <!-- com.qainfotech.tap.training.snlServices.SNLServicesV3 -->
