<?xml version="1.0" encoding="UTF-8"?>
<!-- Generated by org.testng.reporters.JUnitReportReporter -->
<testsuite hostname="ASDP1732PO02529" name="com.training.AuthenticationTest" tests="5" failures="0" timestamp="13 Jul 2017 06:14:51 GMT" time="2.870" errors="0">
  <testcase name="auth_verify_player" time="0.108" classname="com.training.AuthenticationTest"/>
  <testcase name="auth_update_player" time="0.144" classname="com.training.AuthenticationTest"/>
  <testcase name="delete_board" time="0.125" classname="com.training.AuthenticationTest"/>
  <testcase name="auth_move_player" time="0.081" classname="com.training.AuthenticationTest"/>
  <testcase name="auth_verify_board" time="2.412" classname="com.training.AuthenticationTest"/>
</testsuite> <!-- com.training.AuthenticationTest -->
