<?xml version="1.0" encoding="UTF-8"?>
<!-- Generated by org.testng.reporters.JUnitReportReporter -->
<testsuite skipped="0" hostname="ASDP1738PO02529" name="com.web_snl.SNL_project.V2_test" tests="6" failures="0" timestamp="14 Jul 2017 10:53:13 GMT" time="0.749" errors="0">
  <testcase name="add_player_Test" time="0.123" classname="com.web_snl.SNL_project.V2_test"/>
  <testcase name="Http_Auth_test1" time="0.277" classname="com.web_snl.SNL_project.V2_test"/>
  <testcase name="update_player" time="0.056" classname="com.web_snl.SNL_project.V2_test"/>
  <testcase name="move" time="0.115" classname="com.web_snl.SNL_project.V2_test"/>
  <testcase name="Delete_player" time="0.085" classname="com.web_snl.SNL_project.V2_test"/>
  <testcase name="Delete_board" time="0.093" classname="com.web_snl.SNL_project.V2_test"/>
</testsuite> <!-- com.web_snl.SNL_project.V2_test -->
