<?xml version="1.0" encoding="UTF-8"?>
<!-- Generated by org.testng.reporters.JUnitReportReporter -->
<testsuite hostname="ASDP1744PO02529" name="NewTest" tests="1" failures="0" timestamp="13 Jul 2017 12:39:06 GMT" time="0.002" errors="0">
  <testcase name="f" time="0.002" classname="NewTest"/>
</testsuite> <!-- NewTest -->
