<?xml version="1.0" encoding="UTF-8"?>
<!-- Generated by org.testng.reporters.JUnitReportReporter -->
<testsuite hostname="ASDP1728PO02529" name="com.training.SnakeandLadderVersion1Test" tests="4" failures="0" timestamp="13 Jul 2017 06:31:57 GMT" time="1.681" errors="0">
  <testcase name="testing_2_player_Status" time="0.407" classname="com.training.SnakeandLadderVersion1Test"/>
  <testcase name="z_deleting_board_and_players" time="0.244" classname="com.training.SnakeandLadderVersion1Test"/>
  <testcase name="testing_1_board_status" time="0.925" classname="com.training.SnakeandLadderVersion1Test"/>
  <testcase name="testing_3_roll_dice_movement_status" time="0.105" classname="com.training.SnakeandLadderVersion1Test"/>
</testsuite> <!-- com.training.SnakeandLadderVersion1Test -->
