<?xml version="1.0" encoding="UTF-8"?>
<!-- Generated by org.testng.reporters.JUnitReportReporter -->
<testsuite skipped="0" hostname="ASDP1732PO02529" name="check.Apptest" tests="3" failures="0" timestamp="12 Jul 2017 07:35:07 GMT" time="1.933" errors="0">
  <testcase name="update_player" time="0.084" classname="check.Apptest"/>
  <testcase name="averify" time="1.696" classname="check.Apptest"/>
  <testcase name="load" time="0.153" classname="check.Apptest"/>
</testsuite> <!-- check.Apptest -->
