<?xml version="1.0" encoding="UTF-8"?>
<!-- Generated by org.testng.reporters.JUnitReportReporter -->
<testsuite hostname="ASDP1732PO02529" name="com.training.Authentication" tests="4" failures="0" timestamp="12 Jul 2017 09:26:03 GMT" time="3.221" errors="0">
  <testcase name="basic" time="2.555" classname="com.training.Authentication"/>
  <testcase name="update_player" time="0.461" classname="com.training.Authentication"/>
  <testcase name="move_player" time="0.124" classname="com.training.Authentication"/>
  <testcase name="verify_player" time="0.081" classname="com.training.Authentication"/>
</testsuite> <!-- com.training.Authentication -->
