<?xml version="1.0" encoding="UTF-8"?>
<!-- Generated by org.testng.reporters.JUnitReportReporter -->
<testsuite skipped="0" hostname="asda1715po02529" name="org.mytestng.assign4.NewTest" tests="2" failures="0" timestamp="12 Jul 2017 12:42:39 GMT" time="0.152" errors="0">
  <testcase name="sendPOST" time="0.046" classname="org.mytestng.assign4.NewTest"/>
  <testcase name="sendGET" time="0.106" classname="org.mytestng.assign4.NewTest"/>
</testsuite> <!-- org.mytestng.assign4.NewTest -->
