<?xml version="1.0" encoding="UTF-8"?>
<!-- Generated by org.testng.reporters.JUnitReportReporter -->
<testsuite skipped="0" hostname="asda1715po02529" name="org.mytestng.assign4.RunnerTest" tests="3" failures="0" timestamp="18 Jul 2017 13:15:43 GMT" time="4.349" errors="0">
  <testcase name="init" time="2.078" classname="org.mytestng.assign4.RunnerTest"/>
  <testcase name="init" time="1.315" classname="org.mytestng.assign4.RunnerTest"/>
  <testcase name="init" time="0.956" classname="org.mytestng.assign4.RunnerTest"/>
</testsuite> <!-- org.mytestng.assign4.RunnerTest -->
