<?xml version="1.0" encoding="UTF-8"?>
<!-- Generated by org.testng.reporters.JUnitReportReporter -->
<testsuite skipped="0" hostname="asda1715po02529" name="org.mytestng.assign4.ExampleNewTest" tests="1" failures="0" timestamp="13 Jul 2017 05:32:38 GMT" time="0.562" errors="0">
  <testcase name="deletePlayer" time="0.562" classname="org.mytestng.assign4.ExampleNewTest"/>
</testsuite> <!-- org.mytestng.assign4.ExampleNewTest -->
