<?xml version="1.0" encoding="UTF-8"?>
<!-- Generated by org.testng.reporters.JUnitReportReporter -->
<testsuite skipped="0" hostname="ASDP1738PO02529" name="com.web_snl.SNL_project.SNL" tests="8" failures="0" timestamp="14 Jul 2017 10:53:13 GMT" time="1.606" errors="0">
  <testcase name="Test_Response_code" time="0.105" classname="com.web_snl.SNL_project.SNL"/>
  <testcase name="create_board_with_player" time="0.377" classname="com.web_snl.SNL_project.SNL"/>
  <testcase name="player" time="0.192" classname="com.web_snl.SNL_project.SNL"/>
  <testcase name="ladder_move" time="0.263" classname="com.web_snl.SNL_project.SNL"/>
  <testcase name="Snake_move" time="0.217" classname="com.web_snl.SNL_project.SNL"/>
  <testcase name="move" time="0.254" classname="com.web_snl.SNL_project.SNL"/>
  <testcase name="Delete_player" time="0.114" classname="com.web_snl.SNL_project.SNL"/>
  <testcase name="Delete_board" time="0.084" classname="com.web_snl.SNL_project.SNL"/>
</testsuite> <!-- com.web_snl.SNL_project.SNL -->
