<?xml version="1.0" encoding="UTF-8"?>
<!-- Generated by org.testng.reporters.JUnitReportReporter -->
<testsuite hostname="ASDP1728PO02529" name="com.training.OauthTest" tests="5" failures="0" timestamp="13 Jul 2017 06:31:57 GMT" time="2.950" errors="0">
  <testcase name="checking_basic_Authentication" time="0.808" classname="com.training.OauthTest"/>
  <testcase name="testing_player_Status" time="0.187" classname="com.training.OauthTest"/>
  <testcase name="testing_roll_dice_movement_status" time="0.067" classname="com.training.OauthTest"/>
  <testcase name="z_deleting_board_and_players" time="0.196" classname="com.training.OauthTest"/>
  <testcase name="testing_board_status" time="1.692" classname="com.training.OauthTest"/>
</testsuite> <!-- com.training.OauthTest -->
