<?xml version="1.0" encoding="UTF-8"?>
<!-- Generated by org.testng.reporters.JUnitReportReporter -->
<testsuite hostname="ASDP1744PO02529" name="snl_webservice.web_sercice.v1_Test" tests="8" failures="0" timestamp="13 Jul 2017 12:39:22 GMT" time="0.971" errors="0">
  <testcase name="Board_create_new_board" time="0.123" classname="snl_webservice.web_sercice.v1_Test"/>
  <testcase name="player_join_player_to_board" time="0.064" classname="snl_webservice.web_sercice.v1_Test"/>
  <testcase name="player_get_player_details" time="0.055" classname="snl_webservice.web_sercice.v1_Test"/>
  <testcase name="player_update_player_details" time="0.106" classname="snl_webservice.web_sercice.v1_Test"/>
  <testcase name="player_delete_player" time="0.079" classname="snl_webservice.web_sercice.v1_Test"/>
  <testcase name="get_list_of_borad" time="0.275" classname="snl_webservice.web_sercice.v1_Test"/>
  <testcase name="Move_player_by_id_in_Board" time="0.199" classname="snl_webservice.web_sercice.v1_Test"/>
  <testcase name="get_id" time="0.070" classname="snl_webservice.web_sercice.v1_Test"/>
</testsuite> <!-- snl_webservice.web_sercice.v1_Test -->
