<?xml version="1.0" encoding="UTF-8"?>
<!-- Generated by org.testng.reporters.JUnitReportReporter -->
<testsuite skipped="0" hostname="asda1715po02529" name="org.mytestng.assign4.BoardCreationTest" tests="2" failures="0" timestamp="14 Jul 2017 03:25:31 GMT" time="0.381" errors="0">
  <testcase name="addPlayers" time="0.224" classname="org.mytestng.assign4.BoardCreationTest"/>
  <testcase name="v2getBoardTest" time="0.157" classname="org.mytestng.assign4.BoardCreationTest"/>
</testsuite> <!-- org.mytestng.assign4.BoardCreationTest -->
