<?xml version="1.0" encoding="UTF-8"?>
<!-- Generated by org.testng.reporters.JUnitReportReporter -->
<testsuite skipped="0" hostname="asda1710po02529" name="com.qainfotech.tap.training.snlServices.SNLServicesTest" tests="1" failures="0" timestamp="18 Jul 2017 04:55:32 GMT" time="2.061" errors="0">
  <testcase name="h_test_player_moves" time="2.061" classname="com.qainfotech.tap.training.snlServices.SNLServicesTest"/>
</testsuite> <!-- com.qainfotech.tap.training.snlServices.SNLServicesTest -->
