<?xml version="1.0" encoding="UTF-8"?>
<!-- Generated by org.testng.reporters.JUnitReportReporter -->
<testsuite skipped="0" hostname="asda1710po02529" name="com.qainfotech.tap.training.snlServices.SNLServicesTestV2" tests="8" failures="0" timestamp="18 Jul 2017 09:16:33 GMT" time="4.825" errors="0">
  <testcase name="f_test_player_entry" time="0.615" classname="com.qainfotech.tap.training.snlServices.SNLServicesTestV2"/>
  <testcase name="c_test_new_board" time="0.251" classname="com.qainfotech.tap.training.snlServices.SNLServicesTestV2"/>
  <testcase name="d_test_get_details_of_board" time="0.210" classname="com.qainfotech.tap.training.snlServices.SNLServicesTestV2"/>
  <testcase name="g_test_delete_player" time="0.428" classname="com.qainfotech.tap.training.snlServices.SNLServicesTestV2"/>
  <testcase name="a_testStatusCodeJSON" time="0.871" classname="com.qainfotech.tap.training.snlServices.SNLServicesTestV2"/>
  <testcase name="h_test_player_moves" time="0.268" classname="com.qainfotech.tap.training.snlServices.SNLServicesTestV2"/>
  <testcase name="e_test_DELETEBOARD" time="1.239" classname="com.qainfotech.tap.training.snlServices.SNLServicesTestV2"/>
  <testcase name="b_testStatusCodeXML" time="0.943" classname="com.qainfotech.tap.training.snlServices.SNLServicesTestV2"/>
</testsuite> <!-- com.qainfotech.tap.training.snlServices.SNLServicesTestV2 -->
