<?xml version="1.0" encoding="UTF-8"?>
<!-- Generated by org.testng.reporters.JUnitReportReporter -->
<testsuite skipped="0" hostname="ASDP1738PO02529" name="com.web_snl.SNL_project.SNL" tests="6" failures="0" timestamp="12 Jul 2017 12:59:32 GMT" time="2.798" errors="0">
  <testcase name="Test_Response_code" time="1.626" classname="com.web_snl.SNL_project.SNL"/>
  <testcase name="player" time="0.097" classname="com.web_snl.SNL_project.SNL"/>
  <testcase name="move" time="0.226" classname="com.web_snl.SNL_project.SNL"/>
  <testcase name="Delete_player" time="0.232" classname="com.web_snl.SNL_project.SNL"/>
  <testcase name="ladder_move" time="0.388" classname="com.web_snl.SNL_project.SNL"/>
  <testcase name="blank_move" time="0.229" classname="com.web_snl.SNL_project.SNL"/>
</testsuite> <!-- com.web_snl.SNL_project.SNL -->
