<?xml version="1.0" encoding="UTF-8"?>
<!-- Generated by org.testng.reporters.JUnitReportReporter -->
<testsuite hostname="ASDP1732PO02529" name="com.training.SnakeTest" tests="5" failures="0" timestamp="13 Jul 2017 05:54:37 GMT" time="3.612" errors="0">
  <testcase name="snake_move_player" time="0.122" classname="com.training.SnakeTest"/>
  <testcase name="snake_update_player" time="0.210" classname="com.training.SnakeTest"/>
  <testcase name="snake_verify_board" time="2.933" classname="com.training.SnakeTest"/>
  <testcase name="delete_board" time="0.099" classname="com.training.SnakeTest"/>
  <testcase name="snake_verify_player" time="0.248" classname="com.training.SnakeTest"/>
</testsuite> <!-- com.training.SnakeTest -->
