<?xml version="1.0" encoding="UTF-8"?>
<!-- Generated by org.testng.reporters.JUnitReportReporter -->
<testsuite hostname="ASDP1728PO02529" name="com.training.NewTest" tests="3" failures="0" timestamp="12 Jul 2017 07:48:33 GMT" time="2.957" errors="0">
  <testcase name="testing_board_status" time="2.033" classname="com.training.NewTest"/>
  <testcase name="testing_roll_dice_movement_status" time="0.111" classname="com.training.NewTest"/>
  <testcase name="testing_player_Status" time="0.813" classname="com.training.NewTest"/>
</testsuite> <!-- com.training.NewTest -->
