<?xml version="1.0" encoding="UTF-8"?>
<!-- Generated by org.testng.reporters.JUnitReportReporter -->
<testsuite hostname="ASDP1728PO02529" name="com.training.Version2Test" tests="5" failures="0" timestamp="13 Jul 2017 06:31:57 GMT" time="4.491" errors="0">
  <testcase name="z_deleting_board_and_players" time="0.519" classname="com.training.Version2Test"/>
  <testcase name="checking_basic_Authentication" time="1.237" classname="com.training.Version2Test"/>
  <testcase name="testing_board_status" time="1.791" classname="com.training.Version2Test"/>
  <testcase name="testing_roll_dice_movement_status" time="0.254" classname="com.training.Version2Test"/>
  <testcase name="testing_player_Status" time="0.690" classname="com.training.Version2Test"/>
</testsuite> <!-- com.training.Version2Test -->
