<?xml version="1.0" encoding="UTF-8"?>
<!-- Generated by org.testng.reporters.JUnitReportReporter -->
<testsuite hostname="ASDP1746PO02529" name="com.mycompany.testsnl.helloNGTest" tests="1" failures="0" timestamp="13 Jul 2017 09:08:45 GMT" time="1.200" errors="0">
  <testcase name="testSomeMethod" time="1.200" classname="com.mycompany.testsnl.helloNGTest"/>
</testsuite> <!-- com.mycompany.testsnl.helloNGTest -->
